data: 2017-05-01 22:01:28
************************SERVER START********************

data: 2017-05-01 22:01:28	CLIENT IPADDR: 192.168.29.196,  PORT : 6876  JOIN
data: 2017-05-01 22:01:28	CLIENT IPADDR: 192.168.29.196,  PORT : 6876  EXIT
data: 2017-05-01 22:01:28	CLIENT IPADDR: 192.168.29.196,  PORT : 8156  JOIN
data: 2017-05-01 22:01:28	get date list
data: 2017-05-01 22:01:28	get date list
data: 2017-05-01 22:01:28	get date list
data: 2017-05-01 22:01:28	get date list
data: 2017-05-01 22:01:28	get date list
data: 2017-05-01 22:01:28	CLIENT IPADDR: 192.168.29.196,  PORT : 8156  EXIT
data: 2017-05-01 22:01:28	CLIENT IPADDR: 192.168.29.196,  PORT : 47324  JOIN
data: 2017-05-01 22:01:28	get date list
data: 2017-05-01 22:01:28	CLIENT IPADDR: 192.168.29.196,  PORT : 47324  EXIT
data: 2017-05-01 22:01:28	CLIENT IPADDR: 192.168.29.196,  PORT : 52956  JOIN
data: 2017-05-01 22:01:28	get date list
data: 2017-05-01 22:01:28	get date list
data: 2017-05-01 22:01:28	CLIENT IPADDR: 192.168.29.196,  PORT : 52956  EXIT
data: 2017-05-01 22:01:28	CLIENT IPADDR: 192.168.29.196,  PORT : 60124  JOIN
data: 2017-05-01 22:01:28	get date list
data: 2017-05-01 22:01:28	get date list
data: 2017-05-01 22:01:28	CLIENT IPADDR: 192.168.29.196,  PORT : 60124  EXIT
data: 2017-05-01 22:01:28	CLIENT IPADDR: 192.168.29.196,  PORT : 46813  JOIN
data: 2017-05-01 22:01:28	get date list
data: 2017-05-01 22:01:28	get date list
data: 2017-05-01 22:01:28	get date list
data: 2017-05-01 22:01:28	CLIENT IPADDR: 192.168.29.196,  PORT : 46813  EXIT
data: 2017-05-01 22:01:28	CLIENT IPADDR: 192.168.29.196,  PORT : 2274  JOIN
data: 2017-05-01 22:01:28	get date list
data: 2017-05-01 22:01:28	get picture list
data: 2017-05-01 22:01:28	get picture list
data: 2017-05-01 22:01:28	get picture list
data: 2017-05-01 22:01:28	get picture list
data: 2017-05-01 22:01:28	get picture list
data: 2017-05-01 22:01:28	get picture list
data: 2017-05-01 22:01:28	get picture list
data: 2017-05-01 22:01:28	get picture list
data: 2017-05-01 22:01:28	get picture list
data: 2017-05-01 22:01:28	get date list
data: 2017-05-01 22:01:28	get picture list
data: 2017-05-01 22:01:28	get picture list
data: 2017-05-01 22:01:28	get picture list
data: 2017-05-01 22:01:28	get date list
data: 2017-05-01 22:01:28	get picture list
data: 2017-05-01 22:01:28	CLIENT IPADDR: 192.168.29.196,  PORT : 2274  EXIT
data: 2017-05-01 22:01:28	CLIENT IPADDR: 192.168.29.196,  PORT : 52706  JOIN
data: 2017-05-01 22:01:28	get date list
data: 2017-05-01 22:01:28	get picture list
data: 2017-05-01 22:01:28	get picture list
data: 2017-05-01 22:01:28	get picture list
data: 2017-05-01 22:01:28	get picture list
data: 2017-05-01 22:01:28	get picture list
data: 2017-05-01 22:01:28	get date list
data: 2017-05-01 22:01:28	CLIENT IPADDR: 192.168.29.196,  PORT : 52706  EXIT
data: 2017-05-01 22:01:28	CLIENT IPADDR: 192.168.29.196,  PORT : 31971  JOIN
data: 2017-05-01 22:01:28	get date list
data: 2017-05-01 22:01:28	get picture list
data: 2017-05-01 22:01:28	get picture list
data: 2017-05-01 22:01:28	get picture list
data: 2017-05-01 22:01:28	get date list
data: 2017-05-01 22:19:40
************************SERVER STOP ********************



data: 2017-05-01 22:23:21
************************SERVER START********************

data: 2017-05-01 22:23:21	CLIENT IPADDR: 192.168.29.196,  PORT : 52709  JOIN
data: 2017-05-01 22:23:21	get date list
data: 2017-05-01 22:23:21	get picture list
data: 2017-05-01 22:23:21	get picture list
data: 2017-05-01 22:23:21	get picture list
data: 2017-05-01 22:23:21	get date list
data: 2017-05-01 22:23:21	CLIENT IPADDR: 192.168.29.196,  PORT : 52709  EXIT
data: 2017-05-01 22:23:21	CLIENT IPADDR: 192.168.29.196,  PORT : 27878  JOIN
data: 2017-05-01 22:23:21	get date list
data: 2017-05-01 22:23:21	get picture list
data: 2017-05-01 22:23:21	get picture list
data: 2017-05-01 22:23:21	get picture list
data: 2017-05-01 22:23:21	get picture list
data: 2017-05-01 22:23:21	get picture list
data: 2017-05-01 22:23:21	get date list
data: 2017-05-01 22:23:21	CLIENT IPADDR: 192.168.29.196,  PORT : 27878  EXIT
data: 2017-05-01 22:29:12
************************SERVER STOP ********************



data: 2017-05-01 22:29:15
************************SERVER START********************

data: 2017-05-01 22:29:15	CLIENT IPADDR: 192.168.29.196,  PORT : 58599  JOIN
data: 2017-05-01 22:29:15	get date list
data: 2017-05-01 22:29:15	get picture list
data: 2017-05-01 22:29:15	get picture list
data: 2017-05-01 22:29:15	get picture list
data: 2017-05-01 22:29:15	CLIENT IPADDR: 192.168.29.196,  PORT : 58599  EXIT
data: 2017-05-01 22:29:15	CLIENT IPADDR: 192.168.29.196,  PORT : 37864  JOIN
data: 2017-05-01 22:29:15	get date list
data: 2017-05-01 22:29:15	get picture list
data: 2017-05-01 22:29:15	get picture list
data: 2017-05-01 22:29:15	get picture list
data: 2017-05-01 22:29:15	get picture list
data: 2017-05-01 22:29:15	get picture list
data: 2017-05-01 22:29:15	get picture list
data: 2017-05-01 22:29:15	get picture list
data: 2017-05-01 22:29:15	get picture list
data: 2017-05-01 22:29:15	get picture list
data: 2017-05-01 22:29:15	get picture list
data: 2017-05-01 22:29:15	get picture list
data: 2017-05-01 22:29:15	get picture list
data: 2017-05-01 22:29:15	get picture list
data: 2017-05-01 22:29:15	get picture list
data: 2017-05-01 22:29:15	get picture list
data: 2017-05-01 22:29:15	get picture list
data: 2017-05-01 22:29:15	get picture list
data: 2017-05-01 22:29:15	get date list
data: 2017-05-01 22:29:15	get picture list
data: 2017-05-01 22:29:15	get picture list
data: 2017-05-01 22:29:15	get date list
data: 2017-05-01 22:29:15	get picture list
data: 2017-05-01 22:29:15	get picture list
data: 2017-05-01 22:29:15	get picture list
data: 2017-05-01 22:29:15	get picture list
data: 2017-05-01 22:29:15	get picture list
data: 2017-05-01 22:29:15	get date list
data: 2017-05-01 22:29:15	get picture list
data: 2017-05-01 22:29:15	get picture list
data: 2017-05-01 22:29:15	get date list
data: 2017-05-01 22:29:15	get picture list
data: 2017-05-01 22:29:15	get picture list
data: 2017-05-01 22:29:15	get date list
data: 2017-05-01 22:29:15	get picture list
data: 2017-05-01 22:29:15	get picture list
data: 2017-05-01 22:29:15	get picture list
data: 2017-05-01 22:29:15	get date list
data: 2017-05-01 22:29:15	get picture list
data: 2017-05-01 22:29:15	get picture list
data: 2017-05-01 22:29:15	get picture list
data: 2017-05-01 22:29:15	get date list
data: 2017-05-01 22:29:15	get picture list
data: 2017-05-01 22:29:15	get picture list
data: 2017-05-01 22:29:15	CLIENT IPADDR: 192.168.29.196,  PORT : 37864  EXIT
data: 2017-05-01 22:29:15	CLIENT IPADDR: 192.168.29.196,  PORT : 42737  JOIN
data: 2017-05-01 22:29:15	get date list
data: 2017-05-01 22:29:15	get picture list
data: 2017-05-01 22:29:15	get picture list
data: 2017-05-01 22:29:15	get picture list
data: 2017-05-01 22:29:15	get picture list
data: 2017-05-01 22:29:15	get picture list
data: 2017-05-01 22:29:15	get picture list
data: 2017-05-01 22:29:15	get date list
data: 2017-05-01 22:29:15	get picture list
data: 2017-05-01 22:29:15	get picture list
data: 2017-05-01 22:29:15	get date list
data: 2017-05-01 22:29:15	get picture list
data: 2017-05-01 22:29:15	get picture list
data: 2017-05-01 22:29:15	get date list
data: 2017-05-01 22:29:15	CLIENT IPADDR: 192.168.29.196,  PORT : 42737  EXIT
data: 2017-05-01 22:29:15	CLIENT IPADDR: 192.168.29.196,  PORT : 65009  JOIN
data: 2017-05-01 22:29:15	get date list
data: 2017-05-01 22:29:15	get picture list
data: 2017-05-01 22:29:15	get picture list
data: 2017-05-01 22:29:15	get date list
data: 2017-05-01 22:29:15	get picture list
data: 2017-05-01 22:29:15	get picture list
data: 2017-05-01 22:29:15	get date list
data: 2017-05-01 22:29:15	get picture list
data: 2017-05-01 22:29:15	CLIENT IPADDR: 192.168.29.196,  PORT : 65009  EXIT
data: 2017-05-01 22:29:15	CLIENT IPADDR: 192.168.29.196,  PORT : 45298  JOIN
data: 2017-05-01 22:29:15	get date list
data: 2017-05-01 22:29:15	get picture list
data: 2017-05-01 22:29:15	get picture list
data: 2017-05-01 22:29:15	get date list
data: 2017-05-01 22:29:15	get picture list
data: 2017-05-01 22:29:15	get picture list
data: 2017-05-01 22:29:15	get date list
data: 2017-05-01 22:29:15	CLIENT IPADDR: 192.168.29.196,  PORT : 45298  EXIT
data: 2017-05-01 22:29:15	CLIENT IPADDR: 192.168.29.196,  PORT : 17907  JOIN
data: 2017-05-01 22:29:15	get date list
data: 2017-05-01 22:29:15	get picture list
data: 2017-05-01 22:29:15	get picture list
data: 2017-05-01 22:29:15	get date list
data: 2017-05-01 22:29:15	get picture list
data: 2017-05-01 22:29:15	get picture list
data: 2017-05-01 22:29:15	get date list
data: 2017-05-01 22:29:15	get picture list
data: 2017-05-01 22:29:15	get picture list
data: 2017-05-01 22:29:15	get date list
data: 2017-05-01 22:29:15	get picture list
data: 2017-05-01 22:29:15	get picture list
data: 2017-05-01 22:29:15	get date list
data: 2017-05-01 22:29:15	get picture list
data: 2017-05-01 22:29:15	get picture list
data: 2017-05-01 22:29:15	get date list
data: 2017-05-01 22:29:15	get picture list
data: 2017-05-01 22:29:15	get picture list
data: 2017-05-01 22:29:15	get picture list
data: 2017-05-01 22:29:15	get date list
data: 2017-05-01 22:29:15	get picture list
data: 2017-05-01 22:29:15	get picture list
data: 2017-05-01 22:29:15	get date list
data: 2017-05-01 22:29:15	get picture list
data: 2017-05-01 22:29:15	CLIENT IPADDR: 192.168.29.196,  PORT : 17907  EXIT
data: 2017-05-01 22:29:15	CLIENT IPADDR: 192.168.29.196,  PORT : 21235  JOIN
data: 2017-05-01 22:29:15	get date list
data: 2017-05-01 22:29:15	get picture list
data: 2017-05-01 22:29:15	get picture list
data: 2017-05-01 22:29:15	get picture list
data: 2017-05-01 22:29:15	get date list
data: 2017-05-01 23:03:30
************************SERVER STOP ********************



data: 2017-05-01 23:06:56
************************SERVER START********************

data: 2017-05-01 23:06:56	CLIENT IPADDR: 192.168.29.196,  PORT : 29429  JOIN
data: 2017-05-01 23:06:56	get date list
data: 2017-05-01 23:06:56	get picture list
data: 2017-05-01 23:06:56	get picture list
data: 2017-05-01 23:06:56	get date list
data: 2017-05-01 23:06:56	get picture list
data: 2017-05-01 23:06:56	get picture list
data: 2017-05-01 23:06:56	get date list
data: 2017-05-01 23:06:56	CLIENT IPADDR: 192.168.29.196,  PORT : 29429  EXIT
data: 2017-05-01 23:06:56	CLIENT IPADDR: 192.168.29.196,  PORT : 60405  JOIN
data: 2017-05-01 23:11:26
************************SERVER STOP ********************



data: 2017-05-01 23:11:30
************************SERVER START********************

data: 2017-05-01 23:11:30	CLIENT IPADDR: 192.168.29.196,  PORT : 12023  JOIN
data: 2017-05-01 23:11:30	get date list
data: 2017-05-01 23:11:30	get picture list
data: 2017-05-01 23:11:30	get picture list
data: 2017-05-01 23:11:30	get date list
data: 2017-05-01 23:11:30	get picture list
data: 2017-05-01 23:11:30	get picture list
data: 2017-05-01 23:11:30	get date list
data: 2017-05-01 23:11:30	get picture list
data: 2017-05-01 23:11:30	get picture list
data: 2017-05-01 23:11:30	get date list
data: 2017-05-01 23:11:30	CLIENT IPADDR: 192.168.29.196,  PORT : 12023  EXIT
data: 2017-05-01 23:13:51
************************SERVER STOP ********************



data: 2017-05-01 23:17:37
************************SERVER START********************

data: 2017-05-01 23:17:37	CLIENT IPADDR: 192.168.29.196,  PORT : 25337  JOIN
data: 2017-05-01 23:17:37	get date list
data: 2017-05-01 23:17:37	get picture list
data: 2017-05-01 23:17:37	get picture list
data: 2017-05-01 23:17:37	get picture list
data: 2017-05-01 23:17:37	get picture list
data: 2017-05-01 23:17:37	get picture list
data: 2017-05-01 23:17:37	get date list
data: 2017-05-01 23:17:37	get picture list
data: 2017-05-01 23:17:37	get picture list
data: 2017-05-01 23:17:37	get date list
data: 2017-05-01 23:18:26
************************SERVER STOP ********************



data: 2017-05-01 23:20:11
************************SERVER START********************

data: 2017-05-01 23:20:11	CLIENT IPADDR: 192.168.29.196,  PORT : 46586  JOIN
data: 2017-05-01 23:20:11	get date list
data: 2017-05-01 23:20:11	get picture list
data: 2017-05-01 23:20:11	get picture list
data: 2017-05-01 23:20:11	get picture list
data: 2017-05-01 23:20:11	get date list
data: 2017-05-01 23:20:11	CLIENT IPADDR: 192.168.29.196,  PORT : 46586  EXIT
data: 2017-05-01 23:20:11	CLIENT IPADDR: 192.168.29.196,  PORT : 6651  JOIN
data: 2017-05-01 23:22:13
************************SERVER STOP ********************



data: 2017-05-01 23:22:14
************************SERVER START********************

data: 2017-05-01 23:22:14	CLIENT IPADDR: 192.168.29.196,  PORT : 44027  JOIN
data: 2017-05-01 23:22:14	get date list
data: 2017-05-01 23:22:14	get picture list
data: 2017-05-01 23:22:14	get picture list
data: 2017-05-01 23:22:14	get picture list
data: 2017-05-01 23:22:14	get date list
data: 2017-05-01 23:22:14	get picture list
data: 2017-05-01 23:22:14	get picture list
data: 2017-05-01 23:22:14	get date list
data: 2017-05-01 23:22:14	CLIENT IPADDR: 192.168.29.196,  PORT : 44027  EXIT
data: 2017-05-01 23:22:14	CLIENT IPADDR: 192.168.29.196,  PORT : 33020  JOIN
data: 2017-05-01 23:26:04
************************SERVER STOP ********************



data: 2017-05-02 00:53:59
************************SERVER START********************

data: 2017-05-02 00:53:59	CLIENT IPADDR: 192.168.29.196,  PORT : 22778  JOIN
data: 2017-05-02 00:53:59	get date list
data: 2017-05-02 00:53:59	get picture list
data: 2017-05-02 00:53:59	get date list
data: 2017-05-02 00:53:59	get picture list
data: 2017-05-02 00:53:59	get picture list
data: 2017-05-02 00:53:59	get picture list
data: 2017-05-02 00:53:59	get picture list
data: 2017-05-02 00:53:59	get picture list
data: 2017-05-02 00:53:59	get picture list
data: 2017-05-02 00:53:59	get picture list
data: 2017-05-02 00:53:59	get picture list
data: 2017-05-02 00:53:59	get picture list
data: 2017-05-02 00:53:59	get date list
data: 2017-05-02 00:53:59	CLIENT IPADDR: 192.168.29.196,  PORT : 22778  EXIT
data: 2017-05-02 00:53:59	CLIENT IPADDR: 192.168.29.196,  PORT : 35578  JOIN
data: 2017-05-02 00:55:34
************************SERVER STOP ********************



data: 2017-05-02 00:55:35
************************SERVER START********************

data: 2017-05-02 00:55:35	CLIENT IPADDR: 192.168.29.196,  PORT : 36090  JOIN
data: 2017-05-02 00:55:35	get date list
data: 2017-05-02 00:55:35	get picture list
data: 2017-05-02 00:55:35	get picture list
data: 2017-05-02 00:55:35	get picture list
data: 2017-05-02 00:55:35	get picture list
data: 2017-05-02 00:55:35	get picture list
data: 2017-05-02 00:55:35	get picture list
data: 2017-05-02 00:55:35	CLIENT IPADDR: 192.168.29.196,  PORT : 36090  EXIT
data: 2017-05-02 00:55:35	CLIENT IPADDR: 192.168.29.196,  PORT : 63738  JOIN
data: 2017-05-02 00:56:46
************************SERVER STOP ********************



data: 2017-05-02 00:57:09
************************SERVER START********************

data: 2017-05-02 00:57:09	CLIENT IPADDR: 192.168.29.196,  PORT : 6395  JOIN
data: 2017-05-02 00:57:09	get date list
data: 2017-05-02 00:57:09	get picture list
data: 2017-05-02 00:57:09	CLIENT IPADDR: 192.168.29.196,  PORT : 6395  EXIT
data: 2017-05-02 00:57:09	CLIENT IPADDR: 192.168.29.196,  PORT : 11003  JOIN
data: 2017-05-02 00:57:46
************************SERVER STOP ********************



data: 2017-05-02 00:57:50
************************SERVER START********************

data: 2017-05-02 00:57:50	CLIENT IPADDR: 192.168.29.196,  PORT : 11259  JOIN
data: 2017-05-02 00:57:50	get date list
data: 2017-05-02 00:57:50	get picture list
data: 2017-05-02 00:57:50	get picture list
data: 2017-05-02 00:57:50	get picture list
data: 2017-05-02 00:57:50	get picture list
data: 2017-05-02 00:57:50	get picture list
data: 2017-05-02 00:57:50	CLIENT IPADDR: 192.168.29.196,  PORT : 11259  EXIT
data: 2017-05-02 00:58:27
************************SERVER STOP ********************



data: 2017-05-02 01:00:18
************************SERVER START********************

data: 2017-05-02 01:00:18	CLIENT IPADDR: 192.168.29.196,  PORT : 5116  JOIN
data: 2017-05-02 01:00:18	get date list
data: 2017-05-02 01:00:18	get picture list
data: 2017-05-02 01:00:18	CLIENT IPADDR: 192.168.29.196,  PORT : 5116  EXIT
data: 2017-05-02 01:00:18	CLIENT IPADDR: 192.168.29.196,  PORT : 5628  JOIN
data: 2017-05-02 01:00:47
************************SERVER STOP ********************



data: 2017-05-02 06:18:41
************************SERVER START********************

data: 2017-05-02 06:18:42
************************SERVER STOP ********************



data: 2017-05-02 06:34:23
************************SERVER START********************

data: 2017-05-02 06:34:23	CLIENT IPADDR: 192.168.0.101,  PORT : 38347  JOIN
data: 2017-05-02 06:34:23	get date list
data: 2017-05-02 06:34:23	get picture
data: 2017-05-02 06:36:13
************************SERVER STOP ********************



data: 2017-05-02 06:36:15
************************SERVER START********************

data: 2017-05-02 06:36:15	CLIENT IPADDR: 192.168.0.101,  PORT : 43211  JOIN
data: 2017-05-02 06:36:15	get date list
data: 2017-05-02 06:36:15	get picture
data: 2017-05-02 06:36:36
************************SERVER STOP ********************



data: 2017-05-02 18:05:30
************************SERVER START********************

data: 2017-05-02 18:05:30	CLIENT IPADDR: 192.168.29.112,  PORT : 22977  JOIN
data: 2017-05-02 18:05:30	get date list
data: 2017-05-02 18:05:30	get picture
data: 2017-05-02 18:05:30	get picture list
data: 2017-05-02 18:05:30	get picture
data: 2017-05-02 18:05:30	get picture
data: 2017-05-02 18:05:30	get date list
data: 2017-05-02 18:05:30	get picture
data: 2017-05-02 18:05:30	get picture list
data: 2017-05-02 18:05:30	get picture
data: 2017-05-02 18:05:30	get picture
data: 2017-05-02 18:05:30	get picture list
data: 2017-05-02 18:05:30	get picture
data: 2017-05-02 18:05:30	get picture list
data: 2017-05-02 18:05:30	get picture
data: 2017-05-02 18:05:30	get picture
data: 2017-05-02 18:05:30	get picture list
data: 2017-05-02 18:05:30	get picture
data: 2017-05-02 18:05:30	CLIENT IPADDR: 192.168.29.112,  PORT : 22977  EXIT
data: 2017-05-02 18:05:30	CLIENT IPADDR: 192.168.29.112,  PORT : 25281  JOIN
data: 2017-05-02 18:07:37
************************SERVER STOP ********************



data: 2017-05-02 18:08:44
************************SERVER START********************

data: 2017-05-02 18:08:44	CLIENT IPADDR: 192.168.29.112,  PORT : 30657  JOIN
data: 2017-05-02 18:08:44	get date list
data: 2017-05-02 18:08:44	get picture
data: 2017-05-02 18:08:44	get picture list
data: 2017-05-02 18:08:44	get picture
data: 2017-05-02 18:08:44	get picture
data: 2017-05-02 18:08:44	get picture list
data: 2017-05-02 18:08:44	get picture
data: 2017-05-02 18:08:44	get picture
data: 2017-05-02 18:08:44	get picture list
data: 2017-05-02 18:08:44	get picture
data: 2017-05-02 18:08:44	get picture list
data: 2017-05-02 18:08:44	get picture
data: 2017-05-02 18:08:44	get picture list
data: 2017-05-02 18:08:44	get picture
data: 2017-05-02 18:08:44	get picture
data: 2017-05-02 18:08:44	get date list
data: 2017-05-02 18:08:44	get picture
data: 2017-05-02 18:08:44	get picture list
data: 2017-05-02 18:08:44	get picture
data: 2017-05-02 18:08:44	get picture list
data: 2017-05-02 18:08:44	CLIENT IPADDR: 192.168.29.112,  PORT : 30657  EXIT
data: 2017-05-02 18:08:44	CLIENT IPADDR: 192.168.29.112,  PORT : 31425  JOIN
data: 2017-05-02 18:10:05
************************SERVER STOP ********************



data: 2017-05-02 18:13:15
************************SERVER START********************

data: 2017-05-02 18:13:15	CLIENT IPADDR: 192.168.29.112,  PORT : 32961  JOIN
data: 2017-05-02 18:13:15	get date list
data: 2017-05-02 18:13:15	CLIENT IPADDR: 192.168.29.112,  PORT : 32961  EXIT
data: 2017-05-02 18:13:15	CLIENT IPADDR: 192.168.29.112,  PORT : 33729  JOIN
data: 2017-05-02 18:13:15	get date list
data: 2017-05-02 18:13:15	get picture
data: 2017-05-02 18:13:15	get picture list
data: 2017-05-02 18:13:15	get picture
data: 2017-05-02 18:13:15	get picture list
data: 2017-05-02 18:13:15	get picture
data: 2017-05-02 18:13:15	get picture
data: 2017-05-02 18:13:15	get date list
data: 2017-05-02 18:13:15	get picture
data: 2017-05-02 18:13:15	get date list
data: 2017-05-02 18:13:15	get picture
data: 2017-05-02 18:13:15	get picture list
data: 2017-05-02 18:13:15	get picture
data: 2017-05-02 18:13:15	get picture
data: 2017-05-02 18:13:15	get picture list
data: 2017-05-02 18:13:15	get picture
data: 2017-05-02 18:13:15	get picture list
data: 2017-05-02 18:13:15	get picture
data: 2017-05-02 18:13:15	get picture list
data: 2017-05-02 18:13:15	get picture
data: 2017-05-02 18:13:15	get picture list
data: 2017-05-02 18:13:15	get picture
data: 2017-05-02 18:13:15	get picture
data: 2017-05-02 18:13:15	get picture
data: 2017-05-02 18:13:15	get picture
data: 2017-05-02 18:13:15	get picture list
data: 2017-05-02 18:13:15	get picture
data: 2017-05-02 18:13:15	get picture list
data: 2017-05-02 18:13:15	get picture
data: 2017-05-02 18:13:15	get picture list
data: 2017-05-02 18:13:15	CLIENT IPADDR: 192.168.29.112,  PORT : 33729  EXIT
data: 2017-05-02 18:13:15	CLIENT IPADDR: 192.168.29.112,  PORT : 37313  JOIN
data: 2017-05-02 18:13:15	get date list
data: 2017-05-02 18:13:15	get picture list
data: 2017-05-02 18:13:15	get picture
data: 2017-05-02 18:13:15	get picture list
data: 2017-05-02 18:13:15	get picture list
data: 2017-05-02 18:13:15	get picture list
data: 2017-05-02 18:13:15	get picture list
data: 2017-05-02 18:13:15	get picture
data: 2017-05-02 18:13:15	get picture list
data: 2017-05-02 18:13:15	get picture list
data: 2017-05-02 18:13:15	CLIENT IPADDR: 192.168.29.112,  PORT : 37313  EXIT
data: 2017-05-02 18:13:15	CLIENT IPADDR: 192.168.29.112,  PORT : 38337  JOIN
data: 2017-05-02 18:13:15	get date list
data: 2017-05-02 18:13:15	get picture list
data: 2017-05-02 18:13:15	get picture
data: 2017-05-02 18:13:15	get date list
data: 2017-05-02 18:13:15	get picture
data: 2017-05-02 18:13:15	get date list
data: 2017-05-02 18:13:15	get picture
data: 2017-05-02 18:13:15	get date list
data: 2017-05-02 18:13:15	get picture
data: 2017-05-02 18:13:15	get date list
data: 2017-05-02 18:13:15	get picture
data: 2017-05-02 18:13:15	get date list
data: 2017-05-02 18:13:15	get picture
data: 2017-05-02 18:13:15	get date list
data: 2017-05-02 18:13:15	CLIENT IPADDR: 192.168.29.112,  PORT : 38337  EXIT
data: 2017-05-02 18:13:15	CLIENT IPADDR: 192.168.29.112,  PORT : 40641  JOIN
data: 2017-05-02 18:13:15	get date list
data: 2017-05-02 18:13:15	get date list
data: 2017-05-02 18:13:15	get date list
data: 2017-05-02 18:13:15	get picture list
data: 2017-05-02 18:13:15	get picture
data: 2017-05-02 18:13:15	get picture list
data: 2017-05-02 18:13:15	get picture list
data: 2017-05-02 18:13:15	get picture
data: 2017-05-02 18:13:15	get picture list
data: 2017-05-02 18:13:15	get picture list
data: 2017-05-02 18:13:15	get picture list
data: 2017-05-02 18:13:15	CLIENT IPADDR: 192.168.29.112,  PORT : 40641  EXIT
data: 2017-05-02 18:18:59
************************SERVER STOP ********************



data: 2017-05-04 02:53:34
************************SERVER START********************

data: 2017-05-04 02:53:34	CLIENT IPADDR: 192.168.29.196,  PORT : 40920  JOIN
data: 2017-05-04 02:53:34	get date list
data: 2017-05-04 02:53:34	get picture list
data: 2017-05-04 02:53:34	get picture
data: 2017-05-04 02:56:35
************************SERVER START********************

data: 2017-05-04 02:56:35	CLIENT IPADDR: 192.168.29.196,  PORT : 3802  JOIN
data: 2017-05-04 02:56:35	get date list
data: 2017-05-04 02:56:35	get picture list
data: 2017-05-04 02:56:35	get picture
data: 2017-05-04 02:56:35	CLIENT IPADDR: 192.168.29.196,  PORT : 3802  EXIT
data: 2017-05-04 02:56:55
************************SERVER STOP ********************



data: 2017-05-04 02:57:30
************************SERVER START********************

data: 2017-05-04 02:57:30	CLIENT IPADDR: 192.168.29.196,  PORT : 15066  JOIN
data: 2017-05-04 02:57:30	get date list
data: 2017-05-04 02:57:30	get picture list
data: 2017-05-04 02:57:30	get picture
data: 2017-05-04 02:57:30	CLIENT IPADDR: 192.168.29.196,  PORT : 15066  EXIT
data: 2017-05-04 02:57:45
************************SERVER STOP ********************



data: 2017-05-04 03:00:37
************************SERVER START********************

data: 2017-05-04 03:00:37	CLIENT IPADDR: 192.168.29.196,  PORT : 2780  JOIN
data: 2017-05-04 03:00:37	get date list
data: 2017-05-04 03:00:37	get picture list
data: 2017-05-04 03:00:37	get picture
data: 2017-05-04 03:00:37	get date list
data: 2017-05-04 03:00:37	get date list
data: 2017-05-04 03:00:37	CLIENT IPADDR: 192.168.29.196,  PORT : 2780  EXIT
data: 2017-05-04 03:01:22
************************SERVER STOP ********************



data: 2017-05-04 03:02:19
************************SERVER START********************

data: 2017-05-04 03:02:19	CLIENT IPADDR: 192.168.29.196,  PORT : 51932  JOIN
data: 2017-05-04 03:02:19	get date list
data: 2017-05-04 03:02:19	get picture list
data: 2017-05-04 03:02:19	get picture
data: 2017-05-04 03:02:19	CLIENT IPADDR: 192.168.29.196,  PORT : 51932  EXIT
data: 2017-05-04 03:02:40
************************SERVER STOP ********************



data: 2017-05-04 06:08:44
************************SERVER START********************

data: 2017-05-04 06:08:44	CLIENT IPADDR: 192.168.0.103,  PORT : 41153  JOIN
data: 2017-05-04 06:08:44	get date list
data: 2017-05-04 06:08:44	get picture list
data: 2017-05-04 06:08:44	get picture
data: 2017-05-04 06:08:44	get picture list
data: 2017-05-04 06:08:44	get picture list
data: 2017-05-04 06:08:44	get picture list
data: 2017-05-04 06:08:44	get picture list
data: 2017-05-04 06:08:44	get picture list
data: 2017-05-04 06:08:44	CLIENT IPADDR: 192.168.0.103,  PORT : 41153  EXIT
data: 2017-05-04 06:08:44	CLIENT IPADDR: 192.168.0.103,  PORT : 55745  JOIN
data: 2017-05-04 06:08:44	get date list
data: 2017-05-04 06:08:44	get picture list
data: 2017-05-04 06:08:44	get picture
data: 2017-05-04 06:08:44	CLIENT IPADDR: 192.168.0.103,  PORT : 55745  EXIT
data: 2017-05-04 06:08:44	CLIENT IPADDR: 192.168.0.103,  PORT : 61634  JOIN
data: 2017-05-04 06:08:44	get date list
data: 2017-05-04 06:08:44	get picture list
data: 2017-05-04 06:08:44	get picture
data: 2017-05-04 06:22:52
************************SERVER START********************

data: 2017-05-04 06:22:52	CLIENT IPADDR: 192.168.0.103,  PORT : 8387  JOIN
data: 2017-05-04 06:22:52	get date list
data: 2017-05-04 06:22:52	get picture list
data: 2017-05-04 06:22:52	get picture
data: 2017-05-04 06:22:52	CLIENT IPADDR: 192.168.0.103,  PORT : 8387  EXIT
data: 2017-05-04 06:22:52	CLIENT IPADDR: 192.168.0.103,  PORT : 15043  JOIN
data: 2017-05-04 06:22:52	get date list
data: 2017-05-04 06:22:52	get picture list
data: 2017-05-04 06:22:52	get picture
data: 2017-05-04 06:22:52	CLIENT IPADDR: 192.168.0.103,  PORT : 15043  EXIT
data: 2017-05-04 06:22:52	CLIENT IPADDR: 192.168.0.103,  PORT : 30915  JOIN
data: 2017-05-04 06:22:52	get date list
data: 2017-05-04 06:22:52	get picture list
data: 2017-05-04 06:22:52	get picture
data: 2017-05-04 06:22:52	CLIENT IPADDR: 192.168.0.103,  PORT : 30915  EXIT
data: 2017-05-04 06:22:52	CLIENT IPADDR: 192.168.0.103,  PORT : 38339  JOIN
data: 2017-05-04 06:22:52	get date list
data: 2017-05-04 06:22:52	get picture list
data: 2017-05-04 06:22:52	get picture
data: 2017-05-04 06:22:52	CLIENT IPADDR: 192.168.0.103,  PORT : 38339  EXIT
data: 2017-05-04 06:22:52	CLIENT IPADDR: 192.168.0.103,  PORT : 59331  JOIN
data: 2017-05-04 06:22:52	get date list
data: 2017-05-04 06:22:52	get picture list
data: 2017-05-04 06:22:52	get picture
data: 2017-05-04 06:22:52	get date list
data: 2017-05-04 06:22:52	get picture list
data: 2017-05-04 06:22:52	get picture
data: 2017-05-04 06:33:57
************************SERVER STOP ********************



data: 2017-05-04 06:35:19
************************SERVER START********************

data: 2017-05-04 06:35:19	CLIENT IPADDR: 192.168.0.103,  PORT : 17604  JOIN
data: 2017-05-04 06:35:19	get date list
data: 2017-05-04 06:35:19	get picture list
data: 2017-05-04 06:35:19	get picture
data: 2017-05-04 06:35:19	get picture
data: 2017-05-04 06:35:19	get picture
data: 2017-05-04 06:35:19	CLIENT IPADDR: 192.168.0.103,  PORT : 17604  EXIT
data: 2017-05-04 06:35:19	CLIENT IPADDR: 192.168.0.103,  PORT : 61636  JOIN
data: 2017-05-04 06:35:19	get date list
data: 2017-05-04 06:35:19	get picture list
data: 2017-05-04 06:35:19	get picture
data: 2017-05-04 06:35:19	get picture
data: 2017-05-04 06:35:19	CLIENT IPADDR: 192.168.0.103,  PORT : 61636  EXIT
data: 2017-05-04 06:35:19	CLIENT IPADDR: 192.168.0.103,  PORT : 27077  JOIN
data: 2017-05-04 06:35:19	get date list
data: 2017-05-04 06:35:19	get picture list
data: 2017-05-04 06:35:19	get picture
data: 2017-05-04 06:35:19	get picture
data: 2017-05-04 06:35:19	CLIENT IPADDR: 192.168.0.103,  PORT : 27077  EXIT
data: 2017-05-04 06:35:19	CLIENT IPADDR: 192.168.0.103,  PORT : 29894  JOIN
data: 2017-05-04 06:35:19	get date list
data: 2017-05-04 06:35:19	get picture list
data: 2017-05-04 06:35:19	get picture
data: 2017-05-04 06:35:19	get date list
data: 2017-05-04 06:35:19	get picture list
data: 2017-05-04 06:35:19	get picture
data: 2017-05-04 06:35:19	get picture list
data: 2017-05-04 06:35:19	get picture
data: 2017-05-04 06:35:19	get picture
data: 2017-05-04 06:35:19	CLIENT IPADDR: 192.168.0.103,  PORT : 29894  EXIT
data: 2017-05-04 06:35:19	CLIENT IPADDR: 192.168.0.103,  PORT : 39366  JOIN
data: 2017-05-04 06:35:19	get date list
data: 2017-05-04 06:35:19	get picture list
data: 2017-05-04 06:35:19	get picture
data: 2017-05-04 06:35:19	CLIENT IPADDR: 192.168.0.103,  PORT : 39366  EXIT
data: 2017-05-04 06:35:19	CLIENT IPADDR: 192.168.0.103,  PORT : 49094  JOIN
data: 2017-05-04 06:35:19	get date list
data: 2017-05-04 06:35:19	get picture list
data: 2017-05-04 06:35:19	get picture
data: 2017-05-04 06:35:19	CLIENT IPADDR: 192.168.0.103,  PORT : 49094  EXIT
data: 2017-05-04 06:35:19	CLIENT IPADDR: 192.168.0.103,  PORT : 52422  JOIN
data: 2017-05-04 06:35:19	get date list
data: 2017-05-04 06:35:19	get picture list
data: 2017-05-04 06:35:19	get picture
data: 2017-05-04 06:35:19	get date list
data: 2017-05-04 06:35:19	get date list
data: 2017-05-04 06:35:19	get date list
data: 2017-05-04 06:35:19	get picture list
data: 2017-05-04 06:35:19	get picture list
data: 2017-05-04 06:35:19	get picture
data: 2017-05-04 06:35:19	get picture
data: 2017-05-04 06:35:19	CLIENT IPADDR: 192.168.0.103,  PORT : 52422  EXIT
data: 2017-05-04 06:35:19	CLIENT IPADDR: 192.168.29.70,  PORT : 29377  JOIN
data: 2017-05-04 06:35:19	get date list
data: 2017-05-04 17:55:50
************************SERVER START********************

data: 2017-05-04 17:55:53
************************SERVER START********************

data: 2017-05-04 17:55:53
************************SERVER START********************

data: 2017-05-04 17:55:54
************************SERVER START********************

data: 2017-05-04 06:35:19	get picture list
data: 2017-05-04 06:35:19	get picture
data: 2017-05-04 06:35:19	get picture
data: 2017-05-04 06:35:19	CLIENT IPADDR: 192.168.29.70,  PORT : 29377  EXIT
data: 2017-05-04 06:35:19	CLIENT IPADDR: 192.168.29.70,  PORT : 31169  JOIN
data: 2017-05-04 06:35:19	get date list
data: 2017-05-04 06:35:19	get picture list
data: 2017-05-04 06:35:19	get picture
data: 2017-05-04 06:35:19	get picture
data: 2017-05-04 06:35:19	get picture list
data: 2017-05-04 06:35:19	get picture list
data: 2017-05-04 06:35:19	get picture
data: 2017-05-04 06:35:19	get picture list
data: 2017-05-04 06:35:19	get picture
data: 2017-05-04 06:35:19	get picture
data: 2017-05-04 06:35:19	get picture
data: 2017-05-04 06:35:19	get picture
data: 2017-05-04 06:35:19	get picture list
data: 2017-05-04 06:35:19	get picture list
data: 2017-05-04 06:35:19	get picture
data: 2017-05-04 06:35:19	get date list
data: 2017-05-04 06:35:19	get picture list
data: 2017-05-04 06:35:19	get picture list
data: 2017-05-04 06:35:19	get picture list
data: 2017-05-04 06:35:19	get picture
data: 2017-05-04 06:35:19	get date list
data: 2017-05-04 06:35:19	get date list
data: 2017-05-04 06:35:19	CLIENT IPADDR: 192.168.29.70,  PORT : 31169  EXIT
data: 2017-05-04 06:35:19	CLIENT IPADDR: 192.168.29.70,  PORT : 32705  JOIN
data: 2017-05-04 06:35:19	get date list
data: 2017-05-04 06:35:19	get picture list
data: 2017-05-04 06:35:19	get picture
data: 2017-05-04 06:35:19	get picture
data: 2017-05-04 06:35:19	get picture
data: 2017-05-05 21:52:25
************************SERVER START********************

data: 2017-05-05 21:52:25	CLIENT IPADDR: 192.168.1.108,  PORT : 39364  JOIN
data: 2017-05-05 21:52:25	get date list
data: 2017-05-05 21:52:25	get picture list
data: 2017-05-05 21:52:25	get picture
data: 2017-05-05 21:52:25	get picture
data: 2017-05-05 21:53:17
************************SERVER START********************

data: 2017-05-05 21:54:56
************************SERVER START********************

data: 2017-05-05 21:54:56	CLIENT IPADDR: 192.168.1.108,  PORT : 45252  JOIN
data: 2017-05-05 21:54:56	get date list
data: 2017-05-05 21:54:56	get picture list
data: 2017-05-05 21:54:56	get picture
data: 2017-05-05 21:54:56	get picture
data: 2017-05-05 21:54:56	get picture
data: 2017-05-05 21:54:56	CLIENT IPADDR: 192.168.1.108,  PORT : 45252  EXIT
data: 2017-05-05 21:54:56	CLIENT IPADDR: 192.168.1.108,  PORT : 49604  JOIN
data: 2017-05-05 21:54:56	get date list
data: 2017-05-05 21:54:56	get picture list
data: 2017-05-05 21:54:56	get picture
data: 2017-05-05 21:54:56	CLIENT IPADDR: 192.168.1.108,  PORT : 49604  EXIT
data: 2017-05-05 21:54:56	CLIENT IPADDR: 192.168.1.108,  PORT : 54468  JOIN
data: 2017-05-05 21:54:56	get date list
data: 2017-05-05 21:54:56	get picture list
data: 2017-05-05 21:54:56	get picture
data: 2017-05-05 21:54:56	get picture
data: 2017-05-05 21:54:56	get picture
data: 2017-05-05 21:54:56	CLIENT IPADDR: 192.168.1.108,  PORT : 54468  EXIT
data: 2017-05-05 21:54:56	CLIENT IPADDR: 192.168.1.108,  PORT : 15046  JOIN
data: 2017-05-05 21:54:56	get date list
data: 2017-05-05 21:54:56	get picture list
data: 2017-05-05 21:54:56	get picture
data: 2017-05-05 21:54:56	get picture
data: 2017-05-05 21:54:56	get picture
data: 2017-05-05 21:54:56	CLIENT IPADDR: 192.168.1.108,  PORT : 15046  EXIT
data: 2017-05-05 21:54:56	CLIENT IPADDR: 192.168.1.108,  PORT : 30406  JOIN
data: 2017-05-05 21:54:56	get date list
data: 2017-05-05 21:54:56	get picture list
data: 2017-05-05 21:54:56	get picture
data: 2017-05-05 21:54:56	get picture
data: 2017-05-05 21:54:56	get picture
data: 2017-05-05 21:54:56	get date list
data: 2017-05-05 21:54:56	get picture list
data: 2017-05-05 21:54:56	get picture
data: 2017-05-05 21:54:56	get picture
data: 2017-05-05 21:54:56	get date list
data: 2017-05-05 21:54:56	CLIENT IPADDR: 192.168.1.108,  PORT : 30406  EXIT
data: 2017-05-05 21:54:56	CLIENT IPADDR: 192.168.1.108,  PORT : 40390  JOIN
data: 2017-05-05 21:54:56	get date list
data: 2017-05-05 21:54:56	get picture list
data: 2017-05-05 21:54:56	get picture
data: 2017-05-05 21:54:56	get picture
data: 2017-05-05 21:54:56	get picture
data: 2017-05-05 21:54:56	get picture
data: 2017-05-05 21:54:56	get picture
data: 2017-05-05 21:54:56	get picture list
data: 2017-05-05 21:54:56	get picture
data: 2017-05-05 21:54:56	get picture list
data: 2017-05-05 21:54:56	get picture
data: 2017-05-05 21:54:56	CLIENT IPADDR: 192.168.1.108,  PORT : 40390  EXIT
data: 2017-05-09 00:05:56
************************SERVER STOP ********************



data: 2017-05-12 22:07:55
************************SERVER START********************

data: 2017-05-12 22:07:55	CLIENT IPADDR: 192.168.0.104,  PORT : 46533  JOIN
data: 2017-05-12 22:07:55	get date list
data: 2017-05-12 22:07:55	get picture list
data: 2017-05-12 22:07:55	get picture
data: 2017-05-12 22:07:55	get picture
data: 2017-05-12 22:07:55	get picture
data: 2017-05-12 22:07:55	get picture list
data: 2017-05-12 22:07:55	get picture list
data: 2017-05-12 22:07:55	get picture
data: 2017-05-12 22:07:55	get picture
data: 2017-05-12 22:07:55	get picture
data: 2017-05-12 22:07:55	get picture
data: 2017-05-12 22:07:55	get picture
data: 2017-05-12 22:07:55	get picture
data: 2017-05-12 22:07:55	CLIENT IPADDR: 192.168.0.104,  PORT : 46533  EXIT
data: 2017-05-12 22:07:55	CLIENT IPADDR: 192.168.0.104,  PORT : 2248  JOIN
data: 2017-05-12 22:07:55	get date list
data: 2017-05-12 22:07:55	get picture list
data: 2017-05-12 22:07:55	get picture
data: 2017-05-12 22:07:55	get picture
data: 2017-05-12 22:07:55	get picture list
data: 2017-05-12 22:07:55	get picture
data: 2017-05-12 22:07:55	CLIENT IPADDR: 192.168.0.104,  PORT : 2248  EXIT
data: 2017-05-12 22:07:55	CLIENT IPADDR: 192.168.0.104,  PORT : 30153  JOIN
data: 2017-05-12 22:07:55	get date list
data: 2017-05-12 22:07:55	get picture list
data: 2017-05-12 22:07:55	get picture
data: 2017-05-12 22:07:55	get picture
data: 2017-05-12 22:07:55	get picture
data: 2017-05-12 22:07:55	CLIENT IPADDR: 192.168.0.104,  PORT : 30153  EXIT
data: 2017-05-12 22:07:55	CLIENT IPADDR: 192.168.0.104,  PORT : 32713  JOIN
data: 2017-05-12 22:07:55	get date list
data: 2017-05-12 22:07:55	get picture list
data: 2017-05-12 22:07:55	get picture
data: 2017-05-12 22:07:55	get picture
data: 2017-05-12 22:07:55	get picture
data: 2017-05-12 22:07:55	get picture
data: 2017-05-12 22:07:55	get picture list
data: 2017-05-12 22:07:55	get picture list
data: 2017-05-12 22:07:55	get picture
data: 2017-05-12 22:07:55	CLIENT IPADDR: 192.168.0.104,  PORT : 32713  EXIT
data: 2017-05-12 22:07:55	CLIENT IPADDR: 192.168.0.104,  PORT : 38345  JOIN
data: 2017-05-12 22:07:55	get date list
data: 2017-05-12 22:07:55	get picture list
data: 2017-05-12 22:07:55	get picture
data: 2017-05-12 22:07:55	get picture
data: 2017-05-12 22:07:55	get picture list
data: 2017-05-12 22:07:55	get picture list
data: 2017-05-12 22:07:55	get picture
data: 2017-05-12 22:07:55	get picture list
data: 2017-05-12 22:07:55	get picture list
data: 2017-05-12 22:07:55	get picture list
data: 2017-05-12 22:07:55	get picture
data: 2017-05-12 22:07:55	get picture
data: 2017-05-12 22:07:55	get date list
data: 2017-05-12 22:07:55	get picture list
data: 2017-05-12 22:07:55	get picture list
data: 2017-05-12 22:07:55	get picture list
data: 2017-05-12 22:07:55	get picture
data: 2017-05-12 22:07:55	get picture
data: 2017-05-12 22:07:55	CLIENT IPADDR: 192.168.0.104,  PORT : 38345  EXIT
data: 2017-05-12 22:44:06
************************SERVER STOP ********************



data: 2017-05-12 22:53:29
************************SERVER START********************

data: 2017-05-12 22:53:29	CLIENT IPADDR: 192.168.0.104,  PORT : 21194  JOIN
data: 2017-05-12 22:53:29	get date list
data: 2017-05-12 22:53:29	get picture list
data: 2017-05-12 22:53:29	get picture
data: 2017-05-12 22:53:29	delete picture/88:88:88.jpg/ picture
data: 2017-05-12 22:54:21
************************SERVER STOP ********************



data: 2017-05-12 22:56:22
************************SERVER START********************

data: 2017-05-12 22:56:22	CLIENT IPADDR: 192.168.0.104,  PORT : 22474  JOIN
data: 2017-05-12 22:56:22	get date list
data: 2017-05-12 22:56:22	get picture list
data: 2017-05-12 22:56:22	get picture list
data: 2017-05-12 22:56:22	get picture
data: 2017-05-12 22:56:22	get picture
data: 2017-05-12 22:56:22	get picture list
data: 2017-05-12 22:56:22	get picture
data: 2017-05-12 22:56:22	delete picture/88:88:88.jpg/ picture
data: 2017-05-12 22:56:55
************************SERVER STOP ********************



data: 2017-05-12 22:57:28
************************SERVER START********************

data: 2017-05-12 22:57:28	CLIENT IPADDR: 192.168.0.104,  PORT : 25802  JOIN
data: 2017-05-12 22:57:28	get date list
data: 2017-05-12 22:57:28	get picture list
data: 2017-05-12 22:57:28	get picture
data: 2017-05-12 22:57:28	delete picture/88:88:88.jpg/ picture
data: 2017-05-12 22:58:19
************************SERVER STOP ********************



data: 2017-05-12 22:58:21
************************SERVER START********************

data: 2017-05-12 22:58:21	CLIENT IPADDR: 192.168.0.104,  PORT : 27082  JOIN
data: 2017-05-12 22:58:21	CLIENT IPADDR: 192.168.0.104,  PORT : 27082  EXIT
data: 2017-05-12 22:58:21	CLIENT IPADDR: 192.168.0.104,  PORT : 27338  JOIN
data: 2017-05-12 22:58:21	get date list
data: 2017-05-12 22:58:21	get picture list
data: 2017-05-12 22:58:21	get picture
data: 2017-05-12 22:58:21	delete picture/88:88:88.jpg/ picture
data: 2017-05-12 23:04:41
************************SERVER STOP ********************



data: 2017-05-12 23:05:23
************************SERVER START********************

data: 2017-05-12 23:05:33
************************SERVER START********************

data: 2017-05-12 23:08:21
************************SERVER START********************

data: 2017-05-12 23:08:21	CLIENT IPADDR: 192.168.0.104,  PORT : 56266  JOIN
data: 2017-05-12 23:08:21	get date list
data: 2017-05-12 23:08:21	get picture list
data: 2017-05-12 23:08:21	get picture
data: 2017-05-12 23:08:21	get picture list
data: 2017-05-12 23:08:21	get picture
data: 2017-05-12 23:08:21	delete picture/88:88:88.jpg/ picture
data: 2017-05-12 23:08:53
************************SERVER STOP ********************



data: 2017-05-12 23:10:03
************************SERVER START********************

data: 2017-05-12 23:10:03	CLIENT IPADDR: 192.168.0.104,  PORT : 58058  JOIN
data: 2017-05-12 23:10:03	get date list
data: 2017-05-12 23:10:03	get picture list
data: 2017-05-12 23:10:03	get picture
data: 2017-05-12 23:10:03	delete picture/88:88:88.jpg/ picture
data: 2017-05-12 23:10:33
************************SERVER STOP ********************



data: 2017-05-12 23:11:07
************************SERVER START********************

data: 2017-05-12 23:11:07	CLIENT IPADDR: 192.168.0.104,  PORT : 59850  JOIN
data: 2017-05-12 23:11:07	get date list
data: 2017-05-12 23:11:07	get picture list
data: 2017-05-12 23:11:07	get picture list
data: 2017-05-12 23:11:07	get picture
data: 2017-05-12 23:11:07	get picture
data: 2017-05-12 23:11:07	delete picture/12:00:00.jpg/ picture
data: 2017-05-12 23:11:39
************************SERVER STOP ********************



data: 2017-05-12 23:14:23
************************SERVER START********************

data: 2017-05-12 23:14:23	CLIENT IPADDR: 192.168.0.104,  PORT : 971  JOIN
data: 2017-05-12 23:14:23	get date list
data: 2017-05-12 23:14:23	get picture list
data: 2017-05-12 23:14:23	get picture
data: 2017-05-12 23:14:23	delete picture/1.jpg/ picture
data: 2017-05-12 23:14:55
************************SERVER STOP ********************



data: 2017-05-12 23:19:27
************************SERVER START********************

data: 2017-05-12 23:19:27	CLIENT IPADDR: 192.168.0.104,  PORT : 7371  JOIN
data: 2017-05-12 23:19:27	get date list
data: 2017-05-12 23:19:27	get picture list
data: 2017-05-12 23:19:27	get picture
data: 2017-05-12 23:19:27	delete picture/1.jpg picture
data: 2017-05-12 23:19:27	get picture list
data: 2017-05-12 23:19:27	get picture list
data: 2017-05-12 23:19:27	get picture list
data: 2017-05-12 23:19:27	get date list
data: 2017-05-12 23:19:27	get picture list
data: 2017-05-12 23:19:27	CLIENT IPADDR: 192.168.0.104,  PORT : 7371  EXIT
data: 2017-05-12 23:19:59
************************SERVER STOP ********************



data: 2017-05-12 23:20:39
************************SERVER START********************

data: 2017-05-12 23:20:39	CLIENT IPADDR: 192.168.0.104,  PORT : 9163  JOIN
data: 2017-05-12 23:20:39	get date list
data: 2017-05-12 23:20:39	get picture list
data: 2017-05-12 23:20:39	get picture list
data: 2017-05-12 23:20:39	get picture
data: 2017-05-12 23:20:39	get picture list
data: 2017-05-12 23:20:39	get picture
data: 2017-05-12 23:20:39	get picture list
data: 2017-05-12 23:20:39	get picture
data: 2017-05-12 23:20:39	get picture list
data: 2017-05-12 23:20:39	get picture list
data: 2017-05-12 23:20:39	get picture list
data: 2017-05-12 23:20:39	get picture
data: 2017-05-12 23:20:39	delete picture/1.jpg picture
data: 2017-05-12 23:20:39	get picture list
data: 2017-05-12 23:20:39	get picture
data: 2017-05-12 23:20:39	get picture list
data: 2017-05-12 23:20:39	CLIENT IPADDR: 192.168.0.104,  PORT : 9163  EXIT
data: 2017-05-12 23:20:39	CLIENT IPADDR: 192.168.0.104,  PORT : 10187  JOIN
data: 2017-05-12 23:20:39	get date list
data: 2017-05-12 23:20:39	get date list
data: 2017-05-12 23:20:39	CLIENT IPADDR: 192.168.0.104,  PORT : 10187  EXIT
data: 2017-05-12 23:20:39	CLIENT IPADDR: 192.168.0.104,  PORT : 11979  JOIN
data: 2017-05-12 23:20:39	get date list
data: 2017-05-12 23:20:39	CLIENT IPADDR: 192.168.0.104,  PORT : 11979  EXIT
data: 2017-05-12 23:20:39	CLIENT IPADDR: 192.168.0.104,  PORT : 14283  JOIN
data: 2017-05-12 23:20:39	get date list
data: 2017-05-12 23:20:39	get picture list
data: 2017-05-12 23:20:39	get picture list
data: 2017-05-12 23:20:39	get picture
data: 2017-05-12 23:20:39	CLIENT IPADDR: 192.168.0.104,  PORT : 14283  EXIT
data: 2017-05-13 04:53:30
************************SERVER STOP ********************



data: 2017-05-13 04:58:19
************************SERVER START********************

data: 2017-05-13 04:58:19	CLIENT IPADDR: 192.168.0.104,  PORT : 9167  JOIN
data: 2017-05-13 04:58:19	get date list
data: 2017-05-13 04:58:19	camera open
data: 2017-05-13 04:58:19	camera close
data: 2017-05-13 05:01:11
************************SERVER STOP ********************



data: 2017-05-14 07:03:59
************************SERVER START********************

data: 2017-05-14 07:04:01
************************SERVER STOP ********************



data: 2017-05-17 08:58:39
************************SERVER START********************

data: 2017-05-17 08:58:42
************************SERVER STOP ********************



data: 2017-05-17 08:58:49
************************SERVER START********************

data: 2017-05-17 09:00:38
************************SERVER STOP ********************



data: 2017-05-17 09:01:24
************************SERVER START********************

data: 2017-05-17 09:01:28	CLIENT IPADDR: 192.168.84.1,  PORT : 26863  JOIN
data: 2017-05-17 09:01:28	get date list
data: 2017-05-17 09:01:31	get picture list
data: 2017-05-17 09:01:34	get picture list
data: 2017-05-17 09:01:36	get picture list
data: 2017-05-17 09:01:38	get picture
data: 2017-05-17 09:01:42	get picture list
data: 2017-05-17 09:01:45	get picture list
data: 2017-05-17 09:01:46	get picture
data: 2017-05-17 09:01:47	get picture list
data: 2017-05-17 09:01:48	get picture
data: 2017-05-17 09:03:06	CLIENT IPADDR: 192.168.84.1,  PORT : 26863  EXIT
data: 2017-05-17 18:59:43
************************SERVER STOP ********************



data: 2017-05-17 18:59:47
************************SERVER START********************

data: 2017-05-17 18:59:54
************************SERVER STOP ********************



data: 2017-05-17 19:00:57
************************SERVER START********************

data: 2017-05-17 19:01:02
************************SERVER STOP ********************



data: 2017-05-17 19:01:54
************************SERVER START********************

data: 2017-05-17 19:14:58	CLIENT IPADDR: 192.168.84.1,  PORT : 56263  JOIN
data: 2017-05-17 19:14:58	get date list
data: 2017-05-17 19:15:01	CLIENT IPADDR: 192.168.84.1,  PORT : 56263  EXIT
data: 2017-05-17 19:16:20	CLIENT IPADDR: 192.168.84.1,  PORT : 968  JOIN
data: 2017-05-17 19:16:20	get date list
data: 2017-05-17 19:16:32	CLIENT IPADDR: 192.168.84.1,  PORT : 968  EXIT
data: 2017-05-17 19:18:42
************************SERVER STOP ********************



data: 2017-05-17 19:18:46
************************SERVER START********************

data: 2017-05-17 19:29:07	CLIENT IPADDR: 192.168.84.1,  PORT : 54473  JOIN
data: 2017-05-17 19:29:07	get date list
data: 2017-05-17 19:29:09	get picture list
data: 2017-05-17 19:29:11	get picture
data: 2017-05-17 19:29:16	get date list
data: 2017-05-17 19:29:19	get picture list
data: 2017-05-17 19:29:20	get picture
data: 2017-05-17 19:29:21	get date list
data: 2017-05-17 19:29:32	CLIENT IPADDR: 192.168.84.1,  PORT : 54473  EXIT
data: 2017-05-17 19:30:01	CLIENT IPADDR: 192.168.84.1,  PORT : 61385  JOIN
data: 2017-05-17 19:30:01	get date list
data: 2017-05-17 19:30:03	get picture list
data: 2017-05-17 19:30:04	get picture
data: 2017-05-17 19:30:05	get picture
data: 2017-05-17 19:30:05	get date list
data: 2017-05-17 19:30:10	get picture list
data: 2017-05-17 19:30:14	get picture list
data: 2017-05-17 19:30:16	get picture list
data: 2017-05-17 19:30:19	get picture
data: 2017-05-17 19:30:26	delete picture/1.jpg picture
data: 2017-05-17 19:30:37	get picture
data: 2017-05-17 19:30:43	get picture list
data: 2017-05-17 19:30:44	get picture list
data: 2017-05-17 19:30:48	get picture list
data: 2017-05-17 19:30:50	get picture
data: 2017-05-17 19:30:51	get picture list
data: 2017-05-17 19:31:02	get picture list
data: 2017-05-17 19:31:05	get picture list
data: 2017-05-17 19:31:39	CLIENT IPADDR: 192.168.84.1,  PORT : 61385  EXIT
data: 2017-05-17 19:31:53	CLIENT IPADDR: 192.168.84.1,  PORT : 18634  JOIN
data: 2017-05-17 19:31:53	get date list
data: 2017-05-17 19:31:55	get picture list
data: 2017-05-17 19:31:56	get picture
data: 2017-05-17 19:31:57	get picture list
data: 2017-05-17 19:31:59	get picture list
data: 2017-05-17 19:32:01	get picture
data: 2017-05-17 19:32:05	get picture list
data: 2017-05-17 19:32:07	get picture list
data: 2017-05-17 19:32:09	get picture
data: 2017-05-17 19:32:10	get picture list
data: 2017-05-17 19:32:13	get picture list
data: 2017-05-17 19:32:14	get picture
data: 2017-05-17 19:32:15	get picture list
data: 2017-05-17 19:40:39	CLIENT IPADDR: 192.168.84.1,  PORT : 18634  EXIT
data: 2017-05-17 19:40:41
************************SERVER STOP ********************



data: 2017-05-17 19:40:46
************************SERVER START********************

data: 2017-05-17 19:46:04	CLIENT IPADDR: 192.168.84.1,  PORT : 35787  JOIN
data: 2017-05-17 19:46:04	get date list
data: 2017-05-17 19:46:06	get picture list
data: 2017-05-17 19:46:10	get picture list
data: 2017-05-17 19:46:11	get picture list
data: 2017-05-17 19:46:16	get picture
data: 2017-05-17 19:46:20	CLIENT IPADDR: 192.168.84.1,  PORT : 35787  EXIT
data: 2017-05-17 19:46:32	CLIENT IPADDR: 192.168.84.1,  PORT : 39627  JOIN
data: 2017-05-17 19:46:32	get date list
data: 2017-05-17 19:46:34	get picture list
data: 2017-05-17 19:46:36	get picture list
data: 2017-05-17 19:46:37	get picture
data: 2017-05-17 19:51:31	CLIENT IPADDR: 192.168.84.1,  PORT : 39627  EXIT
data: 2017-05-17 19:51:42	CLIENT IPADDR: 192.168.84.1,  PORT : 7116  JOIN
data: 2017-05-17 19:51:42	get date list
data: 2017-05-17 19:51:45	get picture list
data: 2017-05-17 19:51:46	get picture
data: 2017-05-17 19:52:28	CLIENT IPADDR: 192.168.84.1,  PORT : 7116  EXIT
data: 2017-05-17 19:53:40
************************SERVER STOP ********************



data: 2017-05-17 20:04:37
************************SERVER START********************

data: 2017-05-17 20:04:45	CLIENT IPADDR: 192.168.84.1,  PORT : 16333  JOIN
data: 2017-05-17 20:04:45	get date list
data: 2017-05-17 20:04:48	get picture list
data: 2017-05-17 20:04:51	get picture list
data: 2017-05-17 20:04:53	get picture
data: 2017-05-17 20:04:55	CLIENT IPADDR: 192.168.84.1,  PORT : 16333  EXIT
data: 2017-05-17 20:05:06	CLIENT IPADDR: 192.168.84.1,  PORT : 17101  JOIN
data: 2017-05-17 20:05:06	get date list
data: 2017-05-17 20:05:08	get picture list
data: 2017-05-17 20:05:09	get picture
data: 2017-05-17 20:05:13	CLIENT IPADDR: 192.168.84.1,  PORT : 17101  EXIT
data: 2017-05-17 20:05:43	CLIENT IPADDR: 192.168.84.1,  PORT : 24013  JOIN
data: 2017-05-17 20:05:43	get date list
data: 2017-05-17 20:05:45	get picture list
data: 2017-05-17 20:05:46	get picture
data: 2017-05-17 20:05:50	CLIENT IPADDR: 192.168.84.1,  PORT : 24013  EXIT
data: 2017-05-17 20:06:10	CLIENT IPADDR: 192.168.84.1,  PORT : 29133  JOIN
data: 2017-05-17 20:06:10	get date list
data: 2017-05-17 20:06:12	get picture list
data: 2017-05-17 20:06:14	get picture list
data: 2017-05-17 20:06:16	get picture list
data: 2017-05-17 20:06:18	get picture list
data: 2017-05-17 20:06:19	get picture
data: 2017-05-17 20:06:21	delete picture/1.jpg picture
data: 2017-05-17 20:06:25	CLIENT IPADDR: 192.168.84.1,  PORT : 29133  EXIT
data: 2017-05-17 20:06:29
************************SERVER STOP ********************



data: 2017-05-18 06:38:42
************************SERVER START********************

data: 2017-05-18 06:38:45
************************SERVER STOP ********************



data: 2017-05-18 07:35:05
************************SERVER START********************

data: 2017-05-18 07:35:08
************************SERVER STOP ********************



data: 2017-05-18 07:35:23
************************SERVER START********************

data: 2017-05-18 07:35:39
************************SERVER STOP ********************



data: 2017-05-18 22:30:58
************************SERVER START********************

data: 2017-05-18 22:32:35
************************SERVER STOP ********************



data: 2017-05-18 22:33:10
************************SERVER START********************

data: 2017-05-18 22:34:35
************************SERVER STOP ********************



data: 2017-05-18 22:34:55
************************SERVER START********************

data: 2017-05-18 22:37:19
************************SERVER START********************

data: 2017-05-18 22:39:25
************************SERVER START********************

data: 2017-05-18 22:40:35
************************SERVER START********************

data: 2017-05-18 22:40:57
************************SERVER START********************

data: 2017-05-18 22:41:37	CLIENT IPADDR: 192.168.1.112,  PORT : 14281  JOIN
data: 2017-05-18 22:41:37	get date list
data: 2017-05-18 22:41:40	get picture list
data: 2017-05-18 22:41:42	get picture
data: 2017-05-18 22:41:46	get picture
data: 2017-05-18 22:41:47	get picture
data: 2017-05-18 22:41:56
************************SERVER STOP ********************



data: 2017-05-18 22:43:16
************************SERVER START********************

data: 2017-05-18 22:43:37	CLIENT IPADDR: 192.168.1.112,  PORT : 24009  JOIN
data: 2017-05-18 22:43:37	get date list
data: 2017-05-18 22:43:40	get picture list
data: 2017-05-18 22:43:41	get picture
data: 2017-05-18 22:43:43	get picture
data: 2017-05-18 22:43:45	get picture
data: 2017-05-18 22:43:48	get picture list
data: 2017-05-18 22:43:50	get picture list
data: 2017-05-18 22:43:53	get picture
data: 2017-05-18 22:43:55	get picture
data: 2017-05-18 22:43:56	get picture
data: 2017-05-18 22:43:57	get picture
data: 2017-05-18 22:43:59	get picture
data: 2017-05-18 22:44:01	get picture list
data: 2017-05-18 22:44:02	get picture list
data: 2017-05-18 22:44:05	get picture
data: 2017-05-18 22:44:08	get picture
data: 2017-05-18 22:44:27	get picture
data: 2017-05-18 22:44:27	get date list
data: 2017-05-18 22:44:30	get picture list
data: 2017-05-18 22:44:33	get picture
data: 2017-05-18 22:44:45
************************SERVER STOP ********************



data: 2017-05-18 23:04:11
************************SERVER START********************

data: 2017-05-18 23:04:32	CLIENT IPADDR: 192.168.1.112,  PORT : 1482  JOIN
data: 2017-05-18 23:04:32	get date list
data: 2017-05-18 23:04:33	get picture list
data: 2017-05-18 23:04:35	get picture list
data: 2017-05-18 23:04:37	get picture
data: 2017-05-18 23:04:42	get picture
data: 2017-05-18 23:04:43	get picture
data: 2017-05-18 23:04:44	get picture
data: 2017-05-18 23:04:45	get picture
data: 2017-05-18 23:04:48	get picture list
data: 2017-05-18 23:04:49	get picture list
data: 2017-05-18 23:04:50	get picture
data: 2017-05-18 23:04:52	get picture
data: 2017-05-18 23:04:54	get picture
data: 2017-05-18 23:05:09
************************SERVER STOP ********************



data: 2017-05-19 00:24:10
************************SERVER START********************

data: 2017-05-19 00:24:14
************************SERVER STOP ********************



data: 2017-05-19 00:24:33
************************SERVER START********************

data: 2017-05-19 00:24:43	CLIENT IPADDR: 192.168.84.1,  PORT : 14800  JOIN
data: 2017-05-19 00:24:43	get date list
data: 2017-05-19 00:24:51	get picture list
data: 2017-05-19 00:24:54	get picture
data: 2017-05-19 00:27:04	CLIENT IPADDR: 192.168.84.1,  PORT : 14800  EXIT
data: 2017-05-19 00:29:09
************************SERVER STOP ********************



